Determining if the pthread_create exist failed with the following output:
Change Dir: /home/johannes/workspace/project_one_code/pcl/src/hsv_seg2/build/CMakeFiles/CMakeTmp

Run Build Command:"/usr/bin/make" "cmTC_57b08/fast"
/usr/bin/make -f CMakeFiles/cmTC_57b08.dir/build.make CMakeFiles/cmTC_57b08.dir/build
make[1]: Verzeichnis „/home/johannes/workspace/project_one_code/pcl/src/hsv_seg2/build/CMakeFiles/CMakeTmp“ wird betreten
Building C object CMakeFiles/cmTC_57b08.dir/CheckSymbolExists.c.o
/usr/bin/cc     -o CMakeFiles/cmTC_57b08.dir/CheckSymbolExists.c.o   -c /home/johannes/workspace/project_one_code/pcl/src/hsv_seg2/build/CMakeFiles/CMakeTmp/CheckSymbolExists.c
Linking C executable cmTC_57b08
/usr/bin/cmake -E cmake_link_script CMakeFiles/cmTC_57b08.dir/link.txt --verbose=1
/usr/bin/cc       CMakeFiles/cmTC_57b08.dir/CheckSymbolExists.c.o  -o cmTC_57b08 -rdynamic 
CMakeFiles/cmTC_57b08.dir/CheckSymbolExists.c.o: In Funktion `main':
CheckSymbolExists.c:(.text+0x16): Nicht definierter Verweis auf `pthread_create'
collect2: error: ld returned 1 exit status
CMakeFiles/cmTC_57b08.dir/build.make:97: die Regel für Ziel „cmTC_57b08“ scheiterte
make[1]: *** [cmTC_57b08] Fehler 1
make[1]: Verzeichnis „/home/johannes/workspace/project_one_code/pcl/src/hsv_seg2/build/CMakeFiles/CMakeTmp“ wird verlassen
Makefile:126: die Regel für Ziel „cmTC_57b08/fast“ scheiterte
make: *** [cmTC_57b08/fast] Fehler 2

File /home/johannes/workspace/project_one_code/pcl/src/hsv_seg2/build/CMakeFiles/CMakeTmp/CheckSymbolExists.c:
/* */
#include <pthread.h>

int main(int argc, char** argv)
{
  (void)argv;
#ifndef pthread_create
  return ((int*)(&pthread_create))[argc];
#else
  (void)argc;
  return 0;
#endif
}

Determining if the function pthread_create exists in the pthreads failed with the following output:
Change Dir: /home/johannes/workspace/project_one_code/pcl/src/hsv_seg2/build/CMakeFiles/CMakeTmp

Run Build Command:"/usr/bin/make" "cmTC_8d99a/fast"
/usr/bin/make -f CMakeFiles/cmTC_8d99a.dir/build.make CMakeFiles/cmTC_8d99a.dir/build
make[1]: Verzeichnis „/home/johannes/workspace/project_one_code/pcl/src/hsv_seg2/build/CMakeFiles/CMakeTmp“ wird betreten
Building C object CMakeFiles/cmTC_8d99a.dir/CheckFunctionExists.c.o
/usr/bin/cc    -DCHECK_FUNCTION_EXISTS=pthread_create   -o CMakeFiles/cmTC_8d99a.dir/CheckFunctionExists.c.o   -c /usr/share/cmake-3.5/Modules/CheckFunctionExists.c
Linking C executable cmTC_8d99a
/usr/bin/cmake -E cmake_link_script CMakeFiles/cmTC_8d99a.dir/link.txt --verbose=1
/usr/bin/cc   -DCHECK_FUNCTION_EXISTS=pthread_create    CMakeFiles/cmTC_8d99a.dir/CheckFunctionExists.c.o  -o cmTC_8d99a -rdynamic -lpthreads 
/usr/bin/ld: cannot find -lpthreads
collect2: error: ld returned 1 exit status
CMakeFiles/cmTC_8d99a.dir/build.make:97: die Regel für Ziel „cmTC_8d99a“ scheiterte
make[1]: *** [cmTC_8d99a] Fehler 1
make[1]: Verzeichnis „/home/johannes/workspace/project_one_code/pcl/src/hsv_seg2/build/CMakeFiles/CMakeTmp“ wird verlassen
Makefile:126: die Regel für Ziel „cmTC_8d99a/fast“ scheiterte
make: *** [cmTC_8d99a/fast] Fehler 2


