Determining if the pthread_create exist failed with the following output:
Change Dir: /home/johannes/workspace/project_one_code/pcl/src/hsv_seg/build/CMakeFiles/CMakeTmp

Run Build Command:"/usr/bin/make" "cmTC_55580/fast"
/usr/bin/make -f CMakeFiles/cmTC_55580.dir/build.make CMakeFiles/cmTC_55580.dir/build
make[1]: Verzeichnis „/home/johannes/workspace/project_one_code/pcl/src/hsv_seg/build/CMakeFiles/CMakeTmp“ wird betreten
Building C object CMakeFiles/cmTC_55580.dir/CheckSymbolExists.c.o
/usr/bin/cc     -o CMakeFiles/cmTC_55580.dir/CheckSymbolExists.c.o   -c /home/johannes/workspace/project_one_code/pcl/src/hsv_seg/build/CMakeFiles/CMakeTmp/CheckSymbolExists.c
Linking C executable cmTC_55580
/usr/bin/cmake -E cmake_link_script CMakeFiles/cmTC_55580.dir/link.txt --verbose=1
/usr/bin/cc       CMakeFiles/cmTC_55580.dir/CheckSymbolExists.c.o  -o cmTC_55580 -rdynamic 
CMakeFiles/cmTC_55580.dir/CheckSymbolExists.c.o: In Funktion `main':
CheckSymbolExists.c:(.text+0x16): Nicht definierter Verweis auf `pthread_create'
collect2: error: ld returned 1 exit status
CMakeFiles/cmTC_55580.dir/build.make:97: die Regel für Ziel „cmTC_55580“ scheiterte
make[1]: *** [cmTC_55580] Fehler 1
make[1]: Verzeichnis „/home/johannes/workspace/project_one_code/pcl/src/hsv_seg/build/CMakeFiles/CMakeTmp“ wird verlassen
Makefile:126: die Regel für Ziel „cmTC_55580/fast“ scheiterte
make: *** [cmTC_55580/fast] Fehler 2

File /home/johannes/workspace/project_one_code/pcl/src/hsv_seg/build/CMakeFiles/CMakeTmp/CheckSymbolExists.c:
/* */
#include <pthread.h>

int main(int argc, char** argv)
{
  (void)argv;
#ifndef pthread_create
  return ((int*)(&pthread_create))[argc];
#else
  (void)argc;
  return 0;
#endif
}

Determining if the function pthread_create exists in the pthreads failed with the following output:
Change Dir: /home/johannes/workspace/project_one_code/pcl/src/hsv_seg/build/CMakeFiles/CMakeTmp

Run Build Command:"/usr/bin/make" "cmTC_cf393/fast"
/usr/bin/make -f CMakeFiles/cmTC_cf393.dir/build.make CMakeFiles/cmTC_cf393.dir/build
make[1]: Verzeichnis „/home/johannes/workspace/project_one_code/pcl/src/hsv_seg/build/CMakeFiles/CMakeTmp“ wird betreten
Building C object CMakeFiles/cmTC_cf393.dir/CheckFunctionExists.c.o
/usr/bin/cc    -DCHECK_FUNCTION_EXISTS=pthread_create   -o CMakeFiles/cmTC_cf393.dir/CheckFunctionExists.c.o   -c /usr/share/cmake-3.5/Modules/CheckFunctionExists.c
Linking C executable cmTC_cf393
/usr/bin/cmake -E cmake_link_script CMakeFiles/cmTC_cf393.dir/link.txt --verbose=1
/usr/bin/cc   -DCHECK_FUNCTION_EXISTS=pthread_create    CMakeFiles/cmTC_cf393.dir/CheckFunctionExists.c.o  -o cmTC_cf393 -rdynamic -lpthreads 
/usr/bin/ld: cannot find -lpthreads
collect2: error: ld returned 1 exit status
CMakeFiles/cmTC_cf393.dir/build.make:97: die Regel für Ziel „cmTC_cf393“ scheiterte
make[1]: *** [cmTC_cf393] Fehler 1
make[1]: Verzeichnis „/home/johannes/workspace/project_one_code/pcl/src/hsv_seg/build/CMakeFiles/CMakeTmp“ wird verlassen
Makefile:126: die Regel für Ziel „cmTC_cf393/fast“ scheiterte
make: *** [cmTC_cf393/fast] Fehler 2


