Determining if the pthread_create exist failed with the following output:
Change Dir: /home/johannes/workspace/pcl_test/src/cylinder_segmentation/build/CMakeFiles/CMakeTmp

Run Build Command:"/usr/bin/make" "cmTC_fd44d/fast"
/usr/bin/make -f CMakeFiles/cmTC_fd44d.dir/build.make CMakeFiles/cmTC_fd44d.dir/build
make[1]: Verzeichnis „/home/johannes/workspace/pcl_test/src/cylinder_segmentation/build/CMakeFiles/CMakeTmp“ wird betreten
Building C object CMakeFiles/cmTC_fd44d.dir/CheckSymbolExists.c.o
/usr/bin/cc     -o CMakeFiles/cmTC_fd44d.dir/CheckSymbolExists.c.o   -c /home/johannes/workspace/pcl_test/src/cylinder_segmentation/build/CMakeFiles/CMakeTmp/CheckSymbolExists.c
Linking C executable cmTC_fd44d
/usr/bin/cmake -E cmake_link_script CMakeFiles/cmTC_fd44d.dir/link.txt --verbose=1
/usr/bin/cc       CMakeFiles/cmTC_fd44d.dir/CheckSymbolExists.c.o  -o cmTC_fd44d -rdynamic 
CMakeFiles/cmTC_fd44d.dir/CheckSymbolExists.c.o: In Funktion `main':
CheckSymbolExists.c:(.text+0x16): Nicht definierter Verweis auf `pthread_create'
collect2: error: ld returned 1 exit status
CMakeFiles/cmTC_fd44d.dir/build.make:97: die Regel für Ziel „cmTC_fd44d“ scheiterte
make[1]: *** [cmTC_fd44d] Fehler 1
make[1]: Verzeichnis „/home/johannes/workspace/pcl_test/src/cylinder_segmentation/build/CMakeFiles/CMakeTmp“ wird verlassen
Makefile:126: die Regel für Ziel „cmTC_fd44d/fast“ scheiterte
make: *** [cmTC_fd44d/fast] Fehler 2

File /home/johannes/workspace/pcl_test/src/cylinder_segmentation/build/CMakeFiles/CMakeTmp/CheckSymbolExists.c:
/* */
#include <pthread.h>

int main(int argc, char** argv)
{
  (void)argv;
#ifndef pthread_create
  return ((int*)(&pthread_create))[argc];
#else
  (void)argc;
  return 0;
#endif
}

Determining if the function pthread_create exists in the pthreads failed with the following output:
Change Dir: /home/johannes/workspace/pcl_test/src/cylinder_segmentation/build/CMakeFiles/CMakeTmp

Run Build Command:"/usr/bin/make" "cmTC_9086e/fast"
/usr/bin/make -f CMakeFiles/cmTC_9086e.dir/build.make CMakeFiles/cmTC_9086e.dir/build
make[1]: Verzeichnis „/home/johannes/workspace/pcl_test/src/cylinder_segmentation/build/CMakeFiles/CMakeTmp“ wird betreten
Building C object CMakeFiles/cmTC_9086e.dir/CheckFunctionExists.c.o
/usr/bin/cc    -DCHECK_FUNCTION_EXISTS=pthread_create   -o CMakeFiles/cmTC_9086e.dir/CheckFunctionExists.c.o   -c /usr/share/cmake-3.5/Modules/CheckFunctionExists.c
Linking C executable cmTC_9086e
/usr/bin/cmake -E cmake_link_script CMakeFiles/cmTC_9086e.dir/link.txt --verbose=1
/usr/bin/cc   -DCHECK_FUNCTION_EXISTS=pthread_create    CMakeFiles/cmTC_9086e.dir/CheckFunctionExists.c.o  -o cmTC_9086e -rdynamic -lpthreads 
/usr/bin/ld: cannot find -lpthreads
collect2: error: ld returned 1 exit status
CMakeFiles/cmTC_9086e.dir/build.make:97: die Regel für Ziel „cmTC_9086e“ scheiterte
make[1]: *** [cmTC_9086e] Fehler 1
make[1]: Verzeichnis „/home/johannes/workspace/pcl_test/src/cylinder_segmentation/build/CMakeFiles/CMakeTmp“ wird verlassen
Makefile:126: die Regel für Ziel „cmTC_9086e/fast“ scheiterte
make: *** [cmTC_9086e/fast] Fehler 2


