Determining if the pthread_create exist failed with the following output:
Change Dir: /home/johannes/workspace/pcl_test/src/pipe_segmentation/build/CMakeFiles/CMakeTmp

Run Build Command:"/usr/bin/make" "cmTC_9684f/fast"
/usr/bin/make -f CMakeFiles/cmTC_9684f.dir/build.make CMakeFiles/cmTC_9684f.dir/build
make[1]: Verzeichnis „/home/johannes/workspace/pcl_test/src/pipe_segmentation/build/CMakeFiles/CMakeTmp“ wird betreten
Building C object CMakeFiles/cmTC_9684f.dir/CheckSymbolExists.c.o
/usr/bin/cc     -o CMakeFiles/cmTC_9684f.dir/CheckSymbolExists.c.o   -c /home/johannes/workspace/pcl_test/src/pipe_segmentation/build/CMakeFiles/CMakeTmp/CheckSymbolExists.c
Linking C executable cmTC_9684f
/usr/bin/cmake -E cmake_link_script CMakeFiles/cmTC_9684f.dir/link.txt --verbose=1
/usr/bin/cc       CMakeFiles/cmTC_9684f.dir/CheckSymbolExists.c.o  -o cmTC_9684f -rdynamic 
CMakeFiles/cmTC_9684f.dir/CheckSymbolExists.c.o: In Funktion `main':
CheckSymbolExists.c:(.text+0x16): Nicht definierter Verweis auf `pthread_create'
collect2: error: ld returned 1 exit status
CMakeFiles/cmTC_9684f.dir/build.make:97: die Regel für Ziel „cmTC_9684f“ scheiterte
make[1]: *** [cmTC_9684f] Fehler 1
make[1]: Verzeichnis „/home/johannes/workspace/pcl_test/src/pipe_segmentation/build/CMakeFiles/CMakeTmp“ wird verlassen
Makefile:126: die Regel für Ziel „cmTC_9684f/fast“ scheiterte
make: *** [cmTC_9684f/fast] Fehler 2

File /home/johannes/workspace/pcl_test/src/pipe_segmentation/build/CMakeFiles/CMakeTmp/CheckSymbolExists.c:
/* */
#include <pthread.h>

int main(int argc, char** argv)
{
  (void)argv;
#ifndef pthread_create
  return ((int*)(&pthread_create))[argc];
#else
  (void)argc;
  return 0;
#endif
}

Determining if the function pthread_create exists in the pthreads failed with the following output:
Change Dir: /home/johannes/workspace/pcl_test/src/pipe_segmentation/build/CMakeFiles/CMakeTmp

Run Build Command:"/usr/bin/make" "cmTC_fccfb/fast"
/usr/bin/make -f CMakeFiles/cmTC_fccfb.dir/build.make CMakeFiles/cmTC_fccfb.dir/build
make[1]: Verzeichnis „/home/johannes/workspace/pcl_test/src/pipe_segmentation/build/CMakeFiles/CMakeTmp“ wird betreten
Building C object CMakeFiles/cmTC_fccfb.dir/CheckFunctionExists.c.o
/usr/bin/cc    -DCHECK_FUNCTION_EXISTS=pthread_create   -o CMakeFiles/cmTC_fccfb.dir/CheckFunctionExists.c.o   -c /usr/share/cmake-3.5/Modules/CheckFunctionExists.c
Linking C executable cmTC_fccfb
/usr/bin/cmake -E cmake_link_script CMakeFiles/cmTC_fccfb.dir/link.txt --verbose=1
/usr/bin/cc   -DCHECK_FUNCTION_EXISTS=pthread_create    CMakeFiles/cmTC_fccfb.dir/CheckFunctionExists.c.o  -o cmTC_fccfb -rdynamic -lpthreads 
/usr/bin/ld: cannot find -lpthreads
collect2: error: ld returned 1 exit status
CMakeFiles/cmTC_fccfb.dir/build.make:97: die Regel für Ziel „cmTC_fccfb“ scheiterte
make[1]: *** [cmTC_fccfb] Fehler 1
make[1]: Verzeichnis „/home/johannes/workspace/pcl_test/src/pipe_segmentation/build/CMakeFiles/CMakeTmp“ wird verlassen
Makefile:126: die Regel für Ziel „cmTC_fccfb/fast“ scheiterte
make: *** [cmTC_fccfb/fast] Fehler 2


